[2024-04-21T21:34:33.340+0000] {processor.py:161} INFO - Started process (PID=172) to work on /opt/airflow/dags/dags/0-Spotify_Dag.py
[2024-04-21T21:34:33.342+0000] {processor.py:830} INFO - Processing file /opt/airflow/dags/dags/0-Spotify_Dag.py for tasks to queue
[2024-04-21T21:34:33.352+0000] {logging_mixin.py:188} INFO - [2024-04-21T21:34:33.350+0000] {dagbag.py:540} INFO - Filling up the DagBag from /opt/airflow/dags/dags/0-Spotify_Dag.py
[2024-04-21T21:34:35.372+0000] {processor.py:840} INFO - DAG(s) 'procesar_csv' retrieved from /opt/airflow/dags/dags/0-Spotify_Dag.py
[2024-04-21T21:34:35.606+0000] {logging_mixin.py:188} INFO - [2024-04-21T21:34:35.605+0000] {override.py:1829} INFO - Created Permission View: can read on DAG:procesar_csv
[2024-04-21T21:34:35.616+0000] {logging_mixin.py:188} INFO - [2024-04-21T21:34:35.616+0000] {override.py:1829} INFO - Created Permission View: can edit on DAG:procesar_csv
[2024-04-21T21:34:35.624+0000] {logging_mixin.py:188} INFO - [2024-04-21T21:34:35.623+0000] {override.py:1829} INFO - Created Permission View: can delete on DAG:procesar_csv
[2024-04-21T21:34:35.625+0000] {logging_mixin.py:188} INFO - [2024-04-21T21:34:35.624+0000] {dag.py:3096} INFO - Sync 1 DAGs
[2024-04-21T21:34:35.636+0000] {logging_mixin.py:188} INFO - [2024-04-21T21:34:35.635+0000] {dag.py:3118} INFO - Creating ORM DAG for procesar_csv
[2024-04-21T21:34:35.646+0000] {logging_mixin.py:188} INFO - [2024-04-21T21:34:35.646+0000] {dag.py:3954} INFO - Setting next_dagrun for procesar_csv to 2023-01-01 00:00:00+00:00, run_after=2023-01-02 00:00:00+00:00
[2024-04-21T21:34:35.666+0000] {processor.py:183} INFO - Processing /opt/airflow/dags/dags/0-Spotify_Dag.py took 2.347 seconds
[2024-04-21T21:35:05.866+0000] {processor.py:161} INFO - Started process (PID=178) to work on /opt/airflow/dags/dags/0-Spotify_Dag.py
[2024-04-21T21:35:05.867+0000] {processor.py:830} INFO - Processing file /opt/airflow/dags/dags/0-Spotify_Dag.py for tasks to queue
[2024-04-21T21:35:05.869+0000] {logging_mixin.py:188} INFO - [2024-04-21T21:35:05.869+0000] {dagbag.py:540} INFO - Filling up the DagBag from /opt/airflow/dags/dags/0-Spotify_Dag.py
[2024-04-21T21:35:06.423+0000] {processor.py:840} INFO - DAG(s) 'procesar_csv' retrieved from /opt/airflow/dags/dags/0-Spotify_Dag.py
[2024-04-21T21:35:06.446+0000] {logging_mixin.py:188} INFO - [2024-04-21T21:35:06.445+0000] {dag.py:3096} INFO - Sync 1 DAGs
[2024-04-21T21:35:06.469+0000] {logging_mixin.py:188} INFO - [2024-04-21T21:35:06.468+0000] {dag.py:3954} INFO - Setting next_dagrun for procesar_csv to 2023-01-01 00:00:00+00:00, run_after=2023-01-02 00:00:00+00:00
[2024-04-21T21:35:06.491+0000] {processor.py:183} INFO - Processing /opt/airflow/dags/dags/0-Spotify_Dag.py took 0.633 seconds
[2024-04-21T21:35:36.659+0000] {processor.py:161} INFO - Started process (PID=184) to work on /opt/airflow/dags/dags/0-Spotify_Dag.py
[2024-04-21T21:35:36.660+0000] {processor.py:830} INFO - Processing file /opt/airflow/dags/dags/0-Spotify_Dag.py for tasks to queue
[2024-04-21T21:35:36.662+0000] {logging_mixin.py:188} INFO - [2024-04-21T21:35:36.661+0000] {dagbag.py:540} INFO - Filling up the DagBag from /opt/airflow/dags/dags/0-Spotify_Dag.py
[2024-04-21T21:35:37.147+0000] {processor.py:840} INFO - DAG(s) 'procesar_csv' retrieved from /opt/airflow/dags/dags/0-Spotify_Dag.py
[2024-04-21T21:35:37.172+0000] {logging_mixin.py:188} INFO - [2024-04-21T21:35:37.170+0000] {dag.py:3096} INFO - Sync 1 DAGs
[2024-04-21T21:35:37.194+0000] {logging_mixin.py:188} INFO - [2024-04-21T21:35:37.193+0000] {dag.py:3954} INFO - Setting next_dagrun for procesar_csv to 2023-01-01 00:00:00+00:00, run_after=2023-01-02 00:00:00+00:00
[2024-04-21T21:35:37.214+0000] {processor.py:183} INFO - Processing /opt/airflow/dags/dags/0-Spotify_Dag.py took 0.561 seconds
[2024-04-21T21:36:07.422+0000] {processor.py:161} INFO - Started process (PID=190) to work on /opt/airflow/dags/dags/0-Spotify_Dag.py
[2024-04-21T21:36:07.423+0000] {processor.py:830} INFO - Processing file /opt/airflow/dags/dags/0-Spotify_Dag.py for tasks to queue
[2024-04-21T21:36:07.425+0000] {logging_mixin.py:188} INFO - [2024-04-21T21:36:07.425+0000] {dagbag.py:540} INFO - Filling up the DagBag from /opt/airflow/dags/dags/0-Spotify_Dag.py
[2024-04-21T21:36:07.920+0000] {processor.py:840} INFO - DAG(s) 'procesar_csv' retrieved from /opt/airflow/dags/dags/0-Spotify_Dag.py
[2024-04-21T21:36:07.943+0000] {logging_mixin.py:188} INFO - [2024-04-21T21:36:07.943+0000] {dag.py:3096} INFO - Sync 1 DAGs
[2024-04-21T21:36:07.961+0000] {logging_mixin.py:188} INFO - [2024-04-21T21:36:07.961+0000] {dag.py:3954} INFO - Setting next_dagrun for procesar_csv to 2023-01-01 00:00:00+00:00, run_after=2023-01-02 00:00:00+00:00
[2024-04-21T21:36:07.978+0000] {processor.py:183} INFO - Processing /opt/airflow/dags/dags/0-Spotify_Dag.py took 0.562 seconds
[2024-04-21T21:36:38.181+0000] {processor.py:161} INFO - Started process (PID=196) to work on /opt/airflow/dags/dags/0-Spotify_Dag.py
[2024-04-21T21:36:38.182+0000] {processor.py:830} INFO - Processing file /opt/airflow/dags/dags/0-Spotify_Dag.py for tasks to queue
[2024-04-21T21:36:38.185+0000] {logging_mixin.py:188} INFO - [2024-04-21T21:36:38.184+0000] {dagbag.py:540} INFO - Filling up the DagBag from /opt/airflow/dags/dags/0-Spotify_Dag.py
[2024-04-21T21:36:38.718+0000] {processor.py:840} INFO - DAG(s) 'procesar_csv' retrieved from /opt/airflow/dags/dags/0-Spotify_Dag.py
[2024-04-21T21:36:38.744+0000] {logging_mixin.py:188} INFO - [2024-04-21T21:36:38.743+0000] {dag.py:3096} INFO - Sync 1 DAGs
[2024-04-21T21:36:38.766+0000] {logging_mixin.py:188} INFO - [2024-04-21T21:36:38.766+0000] {dag.py:3954} INFO - Setting next_dagrun for procesar_csv to 2023-01-01 00:00:00+00:00, run_after=2023-01-02 00:00:00+00:00
[2024-04-21T21:36:38.788+0000] {processor.py:183} INFO - Processing /opt/airflow/dags/dags/0-Spotify_Dag.py took 0.616 seconds
[2024-04-21T21:37:09.010+0000] {processor.py:161} INFO - Started process (PID=202) to work on /opt/airflow/dags/dags/0-Spotify_Dag.py
[2024-04-21T21:37:09.011+0000] {processor.py:830} INFO - Processing file /opt/airflow/dags/dags/0-Spotify_Dag.py for tasks to queue
[2024-04-21T21:37:09.014+0000] {logging_mixin.py:188} INFO - [2024-04-21T21:37:09.013+0000] {dagbag.py:540} INFO - Filling up the DagBag from /opt/airflow/dags/dags/0-Spotify_Dag.py
[2024-04-21T21:37:09.547+0000] {processor.py:840} INFO - DAG(s) 'procesar_csv' retrieved from /opt/airflow/dags/dags/0-Spotify_Dag.py
[2024-04-21T21:37:09.578+0000] {logging_mixin.py:188} INFO - [2024-04-21T21:37:09.577+0000] {dag.py:3096} INFO - Sync 1 DAGs
[2024-04-21T21:37:09.604+0000] {logging_mixin.py:188} INFO - [2024-04-21T21:37:09.603+0000] {dag.py:3954} INFO - Setting next_dagrun for procesar_csv to 2023-01-01 00:00:00+00:00, run_after=2023-01-02 00:00:00+00:00
[2024-04-21T21:37:09.632+0000] {processor.py:183} INFO - Processing /opt/airflow/dags/dags/0-Spotify_Dag.py took 0.632 seconds
[2024-04-21T21:37:39.840+0000] {processor.py:161} INFO - Started process (PID=208) to work on /opt/airflow/dags/dags/0-Spotify_Dag.py
[2024-04-21T21:37:39.841+0000] {processor.py:830} INFO - Processing file /opt/airflow/dags/dags/0-Spotify_Dag.py for tasks to queue
[2024-04-21T21:37:39.843+0000] {logging_mixin.py:188} INFO - [2024-04-21T21:37:39.843+0000] {dagbag.py:540} INFO - Filling up the DagBag from /opt/airflow/dags/dags/0-Spotify_Dag.py
[2024-04-21T21:37:40.392+0000] {processor.py:840} INFO - DAG(s) 'procesar_csv' retrieved from /opt/airflow/dags/dags/0-Spotify_Dag.py
[2024-04-21T21:37:40.420+0000] {logging_mixin.py:188} INFO - [2024-04-21T21:37:40.419+0000] {dag.py:3096} INFO - Sync 1 DAGs
[2024-04-21T21:37:40.442+0000] {logging_mixin.py:188} INFO - [2024-04-21T21:37:40.441+0000] {dag.py:3954} INFO - Setting next_dagrun for procesar_csv to 2023-01-01 00:00:00+00:00, run_after=2023-01-02 00:00:00+00:00
[2024-04-21T21:37:40.464+0000] {processor.py:183} INFO - Processing /opt/airflow/dags/dags/0-Spotify_Dag.py took 0.632 seconds
[2024-04-21T21:38:10.672+0000] {processor.py:161} INFO - Started process (PID=214) to work on /opt/airflow/dags/dags/0-Spotify_Dag.py
[2024-04-21T21:38:10.673+0000] {processor.py:830} INFO - Processing file /opt/airflow/dags/dags/0-Spotify_Dag.py for tasks to queue
[2024-04-21T21:38:10.675+0000] {logging_mixin.py:188} INFO - [2024-04-21T21:38:10.674+0000] {dagbag.py:540} INFO - Filling up the DagBag from /opt/airflow/dags/dags/0-Spotify_Dag.py
[2024-04-21T21:38:11.141+0000] {processor.py:840} INFO - DAG(s) 'procesar_csv' retrieved from /opt/airflow/dags/dags/0-Spotify_Dag.py
[2024-04-21T21:38:11.164+0000] {logging_mixin.py:188} INFO - [2024-04-21T21:38:11.163+0000] {dag.py:3096} INFO - Sync 1 DAGs
[2024-04-21T21:38:11.184+0000] {logging_mixin.py:188} INFO - [2024-04-21T21:38:11.184+0000] {dag.py:3954} INFO - Setting next_dagrun for procesar_csv to 2023-01-01 00:00:00+00:00, run_after=2023-01-02 00:00:00+00:00
[2024-04-21T21:38:11.203+0000] {processor.py:183} INFO - Processing /opt/airflow/dags/dags/0-Spotify_Dag.py took 0.537 seconds
[2024-04-21T21:38:41.405+0000] {processor.py:161} INFO - Started process (PID=220) to work on /opt/airflow/dags/dags/0-Spotify_Dag.py
[2024-04-21T21:38:41.406+0000] {processor.py:830} INFO - Processing file /opt/airflow/dags/dags/0-Spotify_Dag.py for tasks to queue
[2024-04-21T21:38:41.408+0000] {logging_mixin.py:188} INFO - [2024-04-21T21:38:41.407+0000] {dagbag.py:540} INFO - Filling up the DagBag from /opt/airflow/dags/dags/0-Spotify_Dag.py
[2024-04-21T21:38:41.889+0000] {processor.py:840} INFO - DAG(s) 'procesar_csv' retrieved from /opt/airflow/dags/dags/0-Spotify_Dag.py
[2024-04-21T21:38:41.911+0000] {logging_mixin.py:188} INFO - [2024-04-21T21:38:41.910+0000] {dag.py:3096} INFO - Sync 1 DAGs
[2024-04-21T21:38:41.932+0000] {logging_mixin.py:188} INFO - [2024-04-21T21:38:41.931+0000] {dag.py:3954} INFO - Setting next_dagrun for procesar_csv to 2023-01-01 00:00:00+00:00, run_after=2023-01-02 00:00:00+00:00
[2024-04-21T21:38:41.951+0000] {processor.py:183} INFO - Processing /opt/airflow/dags/dags/0-Spotify_Dag.py took 0.551 seconds
[2024-04-21T21:39:12.003+0000] {processor.py:161} INFO - Started process (PID=226) to work on /opt/airflow/dags/dags/0-Spotify_Dag.py
[2024-04-21T21:39:12.005+0000] {processor.py:830} INFO - Processing file /opt/airflow/dags/dags/0-Spotify_Dag.py for tasks to queue
[2024-04-21T21:39:12.006+0000] {logging_mixin.py:188} INFO - [2024-04-21T21:39:12.006+0000] {dagbag.py:540} INFO - Filling up the DagBag from /opt/airflow/dags/dags/0-Spotify_Dag.py
[2024-04-21T21:39:12.472+0000] {processor.py:840} INFO - DAG(s) 'procesar_csv' retrieved from /opt/airflow/dags/dags/0-Spotify_Dag.py
[2024-04-21T21:39:12.499+0000] {logging_mixin.py:188} INFO - [2024-04-21T21:39:12.499+0000] {dag.py:3096} INFO - Sync 1 DAGs
[2024-04-21T21:39:12.522+0000] {logging_mixin.py:188} INFO - [2024-04-21T21:39:12.522+0000] {dag.py:3954} INFO - Setting next_dagrun for procesar_csv to 2023-01-01 00:00:00+00:00, run_after=2023-01-02 00:00:00+00:00
[2024-04-21T21:39:12.544+0000] {processor.py:183} INFO - Processing /opt/airflow/dags/dags/0-Spotify_Dag.py took 0.546 seconds
[2024-04-21T21:39:42.735+0000] {processor.py:161} INFO - Started process (PID=232) to work on /opt/airflow/dags/dags/0-Spotify_Dag.py
[2024-04-21T21:39:42.735+0000] {processor.py:830} INFO - Processing file /opt/airflow/dags/dags/0-Spotify_Dag.py for tasks to queue
[2024-04-21T21:39:42.737+0000] {logging_mixin.py:188} INFO - [2024-04-21T21:39:42.736+0000] {dagbag.py:540} INFO - Filling up the DagBag from /opt/airflow/dags/dags/0-Spotify_Dag.py
[2024-04-21T21:39:43.161+0000] {processor.py:840} INFO - DAG(s) 'procesar_csv' retrieved from /opt/airflow/dags/dags/0-Spotify_Dag.py
[2024-04-21T21:39:43.184+0000] {logging_mixin.py:188} INFO - [2024-04-21T21:39:43.183+0000] {dag.py:3096} INFO - Sync 1 DAGs
[2024-04-21T21:39:43.203+0000] {logging_mixin.py:188} INFO - [2024-04-21T21:39:43.202+0000] {dag.py:3954} INFO - Setting next_dagrun for procesar_csv to 2023-01-01 00:00:00+00:00, run_after=2023-01-02 00:00:00+00:00
[2024-04-21T21:39:43.220+0000] {processor.py:183} INFO - Processing /opt/airflow/dags/dags/0-Spotify_Dag.py took 0.490 seconds
[2024-04-21T21:40:13.422+0000] {processor.py:161} INFO - Started process (PID=238) to work on /opt/airflow/dags/dags/0-Spotify_Dag.py
[2024-04-21T21:40:13.423+0000] {processor.py:830} INFO - Processing file /opt/airflow/dags/dags/0-Spotify_Dag.py for tasks to queue
[2024-04-21T21:40:13.425+0000] {logging_mixin.py:188} INFO - [2024-04-21T21:40:13.424+0000] {dagbag.py:540} INFO - Filling up the DagBag from /opt/airflow/dags/dags/0-Spotify_Dag.py
[2024-04-21T21:40:13.876+0000] {processor.py:840} INFO - DAG(s) 'procesar_csv' retrieved from /opt/airflow/dags/dags/0-Spotify_Dag.py
[2024-04-21T21:40:13.899+0000] {logging_mixin.py:188} INFO - [2024-04-21T21:40:13.898+0000] {dag.py:3096} INFO - Sync 1 DAGs
[2024-04-21T21:40:13.918+0000] {logging_mixin.py:188} INFO - [2024-04-21T21:40:13.918+0000] {dag.py:3954} INFO - Setting next_dagrun for procesar_csv to 2023-01-01 00:00:00+00:00, run_after=2023-01-02 00:00:00+00:00
[2024-04-21T21:40:13.935+0000] {processor.py:183} INFO - Processing /opt/airflow/dags/dags/0-Spotify_Dag.py took 0.519 seconds
[2024-04-21T21:40:44.050+0000] {processor.py:161} INFO - Started process (PID=244) to work on /opt/airflow/dags/dags/0-Spotify_Dag.py
[2024-04-21T21:40:44.051+0000] {processor.py:830} INFO - Processing file /opt/airflow/dags/dags/0-Spotify_Dag.py for tasks to queue
[2024-04-21T21:40:44.052+0000] {logging_mixin.py:188} INFO - [2024-04-21T21:40:44.052+0000] {dagbag.py:540} INFO - Filling up the DagBag from /opt/airflow/dags/dags/0-Spotify_Dag.py
[2024-04-21T21:40:44.452+0000] {processor.py:840} INFO - DAG(s) 'procesar_csv' retrieved from /opt/airflow/dags/dags/0-Spotify_Dag.py
[2024-04-21T21:40:44.474+0000] {logging_mixin.py:188} INFO - [2024-04-21T21:40:44.474+0000] {dag.py:3096} INFO - Sync 1 DAGs
[2024-04-21T21:40:44.494+0000] {logging_mixin.py:188} INFO - [2024-04-21T21:40:44.493+0000] {dag.py:3954} INFO - Setting next_dagrun for procesar_csv to 2023-01-01 00:00:00+00:00, run_after=2023-01-02 00:00:00+00:00
[2024-04-21T21:40:44.513+0000] {processor.py:183} INFO - Processing /opt/airflow/dags/dags/0-Spotify_Dag.py took 0.469 seconds
[2024-04-21T21:41:14.701+0000] {processor.py:161} INFO - Started process (PID=250) to work on /opt/airflow/dags/dags/0-Spotify_Dag.py
[2024-04-21T21:41:14.702+0000] {processor.py:830} INFO - Processing file /opt/airflow/dags/dags/0-Spotify_Dag.py for tasks to queue
[2024-04-21T21:41:14.704+0000] {logging_mixin.py:188} INFO - [2024-04-21T21:41:14.703+0000] {dagbag.py:540} INFO - Filling up the DagBag from /opt/airflow/dags/dags/0-Spotify_Dag.py
[2024-04-21T21:41:15.115+0000] {processor.py:840} INFO - DAG(s) 'procesar_csv' retrieved from /opt/airflow/dags/dags/0-Spotify_Dag.py
[2024-04-21T21:41:15.138+0000] {logging_mixin.py:188} INFO - [2024-04-21T21:41:15.137+0000] {dag.py:3096} INFO - Sync 1 DAGs
[2024-04-21T21:41:15.159+0000] {logging_mixin.py:188} INFO - [2024-04-21T21:41:15.159+0000] {dag.py:3954} INFO - Setting next_dagrun for procesar_csv to 2023-01-01 00:00:00+00:00, run_after=2023-01-02 00:00:00+00:00
[2024-04-21T21:41:15.178+0000] {processor.py:183} INFO - Processing /opt/airflow/dags/dags/0-Spotify_Dag.py took 0.481 seconds
[2024-04-21T21:41:45.389+0000] {processor.py:161} INFO - Started process (PID=256) to work on /opt/airflow/dags/dags/0-Spotify_Dag.py
[2024-04-21T21:41:45.390+0000] {processor.py:830} INFO - Processing file /opt/airflow/dags/dags/0-Spotify_Dag.py for tasks to queue
[2024-04-21T21:41:45.393+0000] {logging_mixin.py:188} INFO - [2024-04-21T21:41:45.393+0000] {dagbag.py:540} INFO - Filling up the DagBag from /opt/airflow/dags/dags/0-Spotify_Dag.py
[2024-04-21T21:41:46.109+0000] {processor.py:840} INFO - DAG(s) 'procesar_csv' retrieved from /opt/airflow/dags/dags/0-Spotify_Dag.py
[2024-04-21T21:41:46.141+0000] {logging_mixin.py:188} INFO - [2024-04-21T21:41:46.140+0000] {dag.py:3096} INFO - Sync 1 DAGs
[2024-04-21T21:41:46.171+0000] {logging_mixin.py:188} INFO - [2024-04-21T21:41:46.171+0000] {dag.py:3954} INFO - Setting next_dagrun for procesar_csv to 2023-01-01 00:00:00+00:00, run_after=2023-01-02 00:00:00+00:00
[2024-04-21T21:41:46.206+0000] {processor.py:183} INFO - Processing /opt/airflow/dags/dags/0-Spotify_Dag.py took 0.824 seconds
[2024-04-21T21:42:16.415+0000] {processor.py:161} INFO - Started process (PID=262) to work on /opt/airflow/dags/dags/0-Spotify_Dag.py
[2024-04-21T21:42:16.416+0000] {processor.py:830} INFO - Processing file /opt/airflow/dags/dags/0-Spotify_Dag.py for tasks to queue
[2024-04-21T21:42:16.417+0000] {logging_mixin.py:188} INFO - [2024-04-21T21:42:16.417+0000] {dagbag.py:540} INFO - Filling up the DagBag from /opt/airflow/dags/dags/0-Spotify_Dag.py
[2024-04-21T21:42:16.933+0000] {processor.py:840} INFO - DAG(s) 'procesar_csv' retrieved from /opt/airflow/dags/dags/0-Spotify_Dag.py
[2024-04-21T21:42:16.959+0000] {logging_mixin.py:188} INFO - [2024-04-21T21:42:16.958+0000] {dag.py:3096} INFO - Sync 1 DAGs
[2024-04-21T21:42:16.980+0000] {logging_mixin.py:188} INFO - [2024-04-21T21:42:16.980+0000] {dag.py:3954} INFO - Setting next_dagrun for procesar_csv to 2023-01-01 00:00:00+00:00, run_after=2023-01-02 00:00:00+00:00
[2024-04-21T21:42:16.999+0000] {processor.py:183} INFO - Processing /opt/airflow/dags/dags/0-Spotify_Dag.py took 0.591 seconds
[2024-04-21T21:42:47.189+0000] {processor.py:161} INFO - Started process (PID=268) to work on /opt/airflow/dags/dags/0-Spotify_Dag.py
[2024-04-21T21:42:47.190+0000] {processor.py:830} INFO - Processing file /opt/airflow/dags/dags/0-Spotify_Dag.py for tasks to queue
[2024-04-21T21:42:47.191+0000] {logging_mixin.py:188} INFO - [2024-04-21T21:42:47.191+0000] {dagbag.py:540} INFO - Filling up the DagBag from /opt/airflow/dags/dags/0-Spotify_Dag.py
[2024-04-21T21:42:47.651+0000] {processor.py:840} INFO - DAG(s) 'procesar_csv' retrieved from /opt/airflow/dags/dags/0-Spotify_Dag.py
[2024-04-21T21:42:47.676+0000] {logging_mixin.py:188} INFO - [2024-04-21T21:42:47.676+0000] {dag.py:3096} INFO - Sync 1 DAGs
[2024-04-21T21:42:47.698+0000] {logging_mixin.py:188} INFO - [2024-04-21T21:42:47.698+0000] {dag.py:3954} INFO - Setting next_dagrun for procesar_csv to 2023-01-01 00:00:00+00:00, run_after=2023-01-02 00:00:00+00:00
[2024-04-21T21:42:47.718+0000] {processor.py:183} INFO - Processing /opt/airflow/dags/dags/0-Spotify_Dag.py took 0.534 seconds
[2024-04-21T21:43:17.905+0000] {processor.py:161} INFO - Started process (PID=274) to work on /opt/airflow/dags/dags/0-Spotify_Dag.py
[2024-04-21T21:43:17.906+0000] {processor.py:830} INFO - Processing file /opt/airflow/dags/dags/0-Spotify_Dag.py for tasks to queue
[2024-04-21T21:43:17.908+0000] {logging_mixin.py:188} INFO - [2024-04-21T21:43:17.907+0000] {dagbag.py:540} INFO - Filling up the DagBag from /opt/airflow/dags/dags/0-Spotify_Dag.py
[2024-04-21T21:43:18.343+0000] {processor.py:840} INFO - DAG(s) 'procesar_csv' retrieved from /opt/airflow/dags/dags/0-Spotify_Dag.py
[2024-04-21T21:43:18.364+0000] {logging_mixin.py:188} INFO - [2024-04-21T21:43:18.364+0000] {dag.py:3096} INFO - Sync 1 DAGs
[2024-04-21T21:43:18.384+0000] {logging_mixin.py:188} INFO - [2024-04-21T21:43:18.384+0000] {dag.py:3954} INFO - Setting next_dagrun for procesar_csv to 2023-01-01 00:00:00+00:00, run_after=2023-01-02 00:00:00+00:00
[2024-04-21T21:43:18.403+0000] {processor.py:183} INFO - Processing /opt/airflow/dags/dags/0-Spotify_Dag.py took 0.503 seconds
[2024-04-21T21:43:48.603+0000] {processor.py:161} INFO - Started process (PID=280) to work on /opt/airflow/dags/dags/0-Spotify_Dag.py
[2024-04-21T21:43:48.604+0000] {processor.py:830} INFO - Processing file /opt/airflow/dags/dags/0-Spotify_Dag.py for tasks to queue
[2024-04-21T21:43:48.605+0000] {logging_mixin.py:188} INFO - [2024-04-21T21:43:48.605+0000] {dagbag.py:540} INFO - Filling up the DagBag from /opt/airflow/dags/dags/0-Spotify_Dag.py
[2024-04-21T21:43:49.041+0000] {processor.py:840} INFO - DAG(s) 'procesar_csv' retrieved from /opt/airflow/dags/dags/0-Spotify_Dag.py
[2024-04-21T21:43:49.064+0000] {logging_mixin.py:188} INFO - [2024-04-21T21:43:49.063+0000] {dag.py:3096} INFO - Sync 1 DAGs
[2024-04-21T21:43:49.084+0000] {logging_mixin.py:188} INFO - [2024-04-21T21:43:49.084+0000] {dag.py:3954} INFO - Setting next_dagrun for procesar_csv to 2023-01-01 00:00:00+00:00, run_after=2023-01-02 00:00:00+00:00
[2024-04-21T21:43:49.106+0000] {processor.py:183} INFO - Processing /opt/airflow/dags/dags/0-Spotify_Dag.py took 0.511 seconds
[2024-04-21T21:44:19.237+0000] {processor.py:161} INFO - Started process (PID=286) to work on /opt/airflow/dags/dags/0-Spotify_Dag.py
[2024-04-21T21:44:19.239+0000] {processor.py:830} INFO - Processing file /opt/airflow/dags/dags/0-Spotify_Dag.py for tasks to queue
[2024-04-21T21:44:19.241+0000] {logging_mixin.py:188} INFO - [2024-04-21T21:44:19.240+0000] {dagbag.py:540} INFO - Filling up the DagBag from /opt/airflow/dags/dags/0-Spotify_Dag.py
[2024-04-21T21:44:19.752+0000] {processor.py:840} INFO - DAG(s) 'procesar_csv' retrieved from /opt/airflow/dags/dags/0-Spotify_Dag.py
[2024-04-21T21:44:19.776+0000] {logging_mixin.py:188} INFO - [2024-04-21T21:44:19.776+0000] {dag.py:3096} INFO - Sync 1 DAGs
[2024-04-21T21:44:19.798+0000] {logging_mixin.py:188} INFO - [2024-04-21T21:44:19.798+0000] {dag.py:3954} INFO - Setting next_dagrun for procesar_csv to 2023-01-01 00:00:00+00:00, run_after=2023-01-02 00:00:00+00:00
[2024-04-21T21:44:19.816+0000] {processor.py:183} INFO - Processing /opt/airflow/dags/dags/0-Spotify_Dag.py took 0.584 seconds
[2024-04-21T21:44:50.009+0000] {processor.py:161} INFO - Started process (PID=292) to work on /opt/airflow/dags/dags/0-Spotify_Dag.py
[2024-04-21T21:44:50.011+0000] {processor.py:830} INFO - Processing file /opt/airflow/dags/dags/0-Spotify_Dag.py for tasks to queue
[2024-04-21T21:44:50.014+0000] {logging_mixin.py:188} INFO - [2024-04-21T21:44:50.013+0000] {dagbag.py:540} INFO - Filling up the DagBag from /opt/airflow/dags/dags/0-Spotify_Dag.py
[2024-04-21T21:44:50.461+0000] {processor.py:840} INFO - DAG(s) 'procesar_csv' retrieved from /opt/airflow/dags/dags/0-Spotify_Dag.py
[2024-04-21T21:44:50.485+0000] {logging_mixin.py:188} INFO - [2024-04-21T21:44:50.485+0000] {dag.py:3096} INFO - Sync 1 DAGs
[2024-04-21T21:44:50.505+0000] {logging_mixin.py:188} INFO - [2024-04-21T21:44:50.505+0000] {dag.py:3954} INFO - Setting next_dagrun for procesar_csv to 2023-01-01 00:00:00+00:00, run_after=2023-01-02 00:00:00+00:00
[2024-04-21T21:44:50.527+0000] {processor.py:183} INFO - Processing /opt/airflow/dags/dags/0-Spotify_Dag.py took 0.524 seconds
[2024-04-21T21:45:20.651+0000] {processor.py:161} INFO - Started process (PID=298) to work on /opt/airflow/dags/dags/0-Spotify_Dag.py
[2024-04-21T21:45:20.652+0000] {processor.py:830} INFO - Processing file /opt/airflow/dags/dags/0-Spotify_Dag.py for tasks to queue
[2024-04-21T21:45:20.653+0000] {logging_mixin.py:188} INFO - [2024-04-21T21:45:20.653+0000] {dagbag.py:540} INFO - Filling up the DagBag from /opt/airflow/dags/dags/0-Spotify_Dag.py
[2024-04-21T21:45:21.133+0000] {processor.py:840} INFO - DAG(s) 'procesar_csv' retrieved from /opt/airflow/dags/dags/0-Spotify_Dag.py
[2024-04-21T21:45:21.159+0000] {logging_mixin.py:188} INFO - [2024-04-21T21:45:21.158+0000] {dag.py:3096} INFO - Sync 1 DAGs
[2024-04-21T21:45:21.181+0000] {logging_mixin.py:188} INFO - [2024-04-21T21:45:21.181+0000] {dag.py:3954} INFO - Setting next_dagrun for procesar_csv to 2023-01-01 00:00:00+00:00, run_after=2023-01-02 00:00:00+00:00
[2024-04-21T21:45:21.200+0000] {processor.py:183} INFO - Processing /opt/airflow/dags/dags/0-Spotify_Dag.py took 0.557 seconds
[2024-04-21T21:45:51.393+0000] {processor.py:161} INFO - Started process (PID=304) to work on /opt/airflow/dags/dags/0-Spotify_Dag.py
[2024-04-21T21:45:51.394+0000] {processor.py:830} INFO - Processing file /opt/airflow/dags/dags/0-Spotify_Dag.py for tasks to queue
[2024-04-21T21:45:51.396+0000] {logging_mixin.py:188} INFO - [2024-04-21T21:45:51.396+0000] {dagbag.py:540} INFO - Filling up the DagBag from /opt/airflow/dags/dags/0-Spotify_Dag.py
[2024-04-21T21:45:51.848+0000] {processor.py:840} INFO - DAG(s) 'procesar_csv' retrieved from /opt/airflow/dags/dags/0-Spotify_Dag.py
[2024-04-21T21:45:51.873+0000] {logging_mixin.py:188} INFO - [2024-04-21T21:45:51.872+0000] {dag.py:3096} INFO - Sync 1 DAGs
[2024-04-21T21:45:51.892+0000] {logging_mixin.py:188} INFO - [2024-04-21T21:45:51.892+0000] {dag.py:3954} INFO - Setting next_dagrun for procesar_csv to 2023-01-01 00:00:00+00:00, run_after=2023-01-02 00:00:00+00:00
[2024-04-21T21:45:51.910+0000] {processor.py:183} INFO - Processing /opt/airflow/dags/dags/0-Spotify_Dag.py took 0.522 seconds
